12:16:11,432 Information core.threads: Thread Done: AnaPayloadThread (139900275295936)
12:15:49,913 Warning misc: /usr/lib/python3.14/site-packages/blivet/udev.py:1087: DeprecationWarning: Will be removed in 1.0. Access properties with Device.properties.
12:15:52,197 Warning misc: /usr/lib/python3.14/site-packages/blivet/udev.py:1087: DeprecationWarning: Will be removed in 1.0. Access properties with Device.properties.
12:15:52,285 Warning misc: /usr/lib/python3.14/site-packages/blivet/udev.py:1087: DeprecationWarning: Will be removed in 1.0. Access properties with Device.properties.
12:16:11,436 Warning misc: /usr/lib64/python3.14/site-packages/gi/overrides/GLib.py:903: PyGIDeprecationWarning: Calling child_watch_add without priority as first argument is deprecated
12:16:11,441 Warning misc: /usr/lib64/python3.14/site-packages/gi/events.py:718: DeprecationWarning: 'asyncio.AbstractEventLoopPolicy' is deprecated and slated for removal in Python 3.16
12:16:11,442 Warning misc: /usr/lib64/python3.14/site-packages/gi/_ossighelper.py:266: DeprecationWarning: 'asyncio.get_event_loop_policy' is deprecated and slated for removal in Python 3.16
12:15:53,910 Information core.configuration.profile: Loading information about profiles from /etc/anaconda/profile.d.
12:15:53,911 Information core.configuration.profile: Found the 'almalinux' profile at /etc/anaconda/profile.d/almalinux.conf.
12:15:53,912 Information core.configuration.profile: Found the 'centos' profile at /etc/anaconda/profile.d/centos.conf.
12:15:53,912 Information core.configuration.profile: Found the 'circle' profile at /etc/anaconda/profile.d/circle.conf.
12:15:53,913 Information core.configuration.profile: Found the 'fedora-designsuite' profile at /etc/anaconda/profile.d/fedora-designsuite.conf.
12:15:53,913 Information core.configuration.profile: Found the 'fedora-eln' profile at /etc/anaconda/profile.d/fedora-eln.conf.
12:15:53,913 Information core.configuration.profile: Found the 'fedora-iot' profile at /etc/anaconda/profile.d/fedora-iot.conf.
12:15:53,914 Information core.configuration.profile: Found the 'fedora-kde' profile at /etc/anaconda/profile.d/fedora-kde.conf.
12:15:53,914 Information core.configuration.profile: Found the 'fedora-kinoite' profile at /etc/anaconda/profile.d/fedora-kinoite.conf.
12:15:53,915 Information core.configuration.profile: Found the 'fedora-sericea' profile at /etc/anaconda/profile.d/fedora-sericea.conf.
12:15:53,915 Information core.configuration.profile: Found the 'fedora-server' profile at /etc/anaconda/profile.d/fedora-server.conf.
12:15:53,916 Information core.configuration.profile: Found the 'fedora-silverblue' profile at /etc/anaconda/profile.d/fedora-silverblue.conf.
12:15:53,916 Information core.configuration.profile: Found the 'fedora-workstation' profile at /etc/anaconda/profile.d/fedora-workstation.conf.
12:15:53,917 Information core.configuration.profile: Found the 'fedora' profile at /etc/anaconda/profile.d/fedora.conf.
12:15:53,917 Information core.configuration.profile: Found the 'ovirt' profile at /etc/anaconda/profile.d/ovirt.conf.
12:15:53,918 Information core.configuration.profile: Found the 'rhel' profile at /etc/anaconda/profile.d/rhel.conf.
12:15:53,918 Information core.configuration.profile: Found the 'rhvh' profile at /etc/anaconda/profile.d/rhvh.conf.
12:15:53,918 Information core.configuration.profile: Found the 'rocky' profile at /etc/anaconda/profile.d/rocky.conf.
12:15:53,919 Information core.configuration.profile: Found the 'scientific-linux' profile at /etc/anaconda/profile.d/scientific-linux.conf.
12:15:53,919 Information core.configuration.profile: Found the 'virtuozzo-linux' profile at /etc/anaconda/profile.d/virtuozzo-linux.conf.
12:15:53,919 Information core.configuration.profile: The 'fedora-workstation' profile is detected.
12:15:53,919 Information core.configuration.anaconda: Load the 'fedora-workstation' profile configuration.
12:15:53,924 Information main: /sbin/anaconda 43.44-3.fc43
12:15:53,924 Information core.util: Reporting the IPMI event: 7
12:15:54,274 Information startup_utils: check_memory(): total:13992, needed:320
12:15:54,275 Information screensaver: Inhibiting screensaver.
12:15:54,287 Information main: anaconda called with cmdline = ['/sbin/anaconda', '--liveinst', '--graphical']
12:15:54,288 Information main: Default encoding = utf-8
12:15:54,288 Information misc: Configuration loaded from: ['/etc/anaconda/anaconda.conf', '/etc/anaconda/profile.d/fedora.conf', '/etc/anaconda/profile.d/fedora-workstation.conf', '/etc/anaconda/conf.d/00-do-nothing.conf', '/etc/anaconda/conf.d/01-still-do-nothing.conf']
12:15:54,288 Information misc: Writing the runtime configuration to: /run/anaconda/anaconda.conf
12:15:54,308 Information core.dbus: Connecting to the Anaconda bus at unix:path=/tmp/dbus-Yq5HOJN1xy,guid=c081436ad571b43c630fc795696242fa.
12:15:57,464 Information main: Found a kickstart file: /usr/share/anaconda/interactive-defaults.ks
12:15:57,506 Information startup_utils: Parsing kickstart: /usr/share/anaconda/interactive-defaults.ks
12:15:57,918 Information core.threads: Running Thread: AnaWaitForConnectingNMThread (139900301522624)
12:15:57,919 Information anaconda: Display mode is set to 'interactive graphical mode'.
12:15:57,924 Information core.threads: Thread Done: AnaWaitForConnectingNMThread (139900301522624)
12:15:57,942 Information startup_utils: check_memory(): total:13992, needed:320
12:15:57,943 Information startup_utils: check_memory(): total:13992, graphical:410
12:15:58,043 Information core.threads: Running Thread: AnaStorageThread (139900301522624)
12:15:58,053 Information core.threads: Running Thread: AnaTimeInitThread (139900293129920)
12:15:58,062 Information core.threads: Running Thread: AnaPayloadRestartThread (139900283688640)
12:15:58,062 Information startup_utils: Geolocation is enabled.
12:15:58,063 Information core.threads: Running Thread: AnaPayloadThread (139900275295936)
12:15:58,063 Information core.threads: Thread Done: AnaPayloadRestartThread (139900283688640)
12:16:05,520 Information core.threads: Thread Done: AnaStorageThread (139900301522624)
12:16:06,003 Information core.threads: Thread Done: AnaTimeInitThread (139900293129920)
12:16:11,432 Information core.threads: Thread Done: AnaPayloadThread (139900275295936)
